<?xml version="1.0" encoding="UTF-8"?>
<!-- Generated by org.testng.reporters.JUnitXMLReporter -->
<testsuite hostname="A2ML31980" ignored="0" name="Test" tests="5" failures="0" timestamp="14 Nov 2019 16:22:22 GMT" time="137.658" errors="0">
  <testcase name="@AfterMethod tearDown" time="0.331" classname="com.mindtree.newtours.pom.SearchForFlight">
    <failure type="java.lang.NoClassDefFoundError" message="com/sun/mail/util/MailLogger">
      <![CDATA[java.lang.NoClassDefFoundError: com/sun/mail/util/MailLogger
at javax.mail.Session.initLogger(Session.java:230)
at javax.mail.Session.<init>(Session.java:214)
at javax.mail.Session.getInstance(Session.java:251)
at com.mindtree.newtours.email.SendGmailWithAttachment.sendGmail(SendGmailWithAttachment.java:38)
at com.mindtree.newtours.pom.SearchForFlight.tearDown(SearchForFlight.java:82)
Caused by: java.lang.ClassNotFoundException: com.sun.mail.util.MailLogger
at java.net.URLClassLoader.findClass(Unknown Source)
at java.lang.ClassLoader.loadClass(Unknown Source)
at sun.misc.Launcher$AppClassLoader.loadClass(Unknown Source)
at java.lang.ClassLoader.loadClass(Unknown Source)
... 33 more
... Removed 28 stack frames]]>
    </failure>
  </testcase> <!-- @AfterMethod tearDown -->
  <testcase name="@AfterMethod closeBrowser" time="0.0" classname="com.mindtree.newtours.config.TestConfig">
    <skipped/>
  </testcase> <!-- @AfterMethod closeBrowser -->
  <testcase name="@AfterMethod tearDown" time="0.301" classname="com.mindtree.newtours.pom.BookAFlight">
    <failure type="java.lang.NoClassDefFoundError" message="com/sun/mail/util/MailLogger">
      <![CDATA[java.lang.NoClassDefFoundError: com/sun/mail/util/MailLogger
at javax.mail.Session.initLogger(Session.java:230)
at javax.mail.Session.<init>(Session.java:214)
at javax.mail.Session.getInstance(Session.java:251)
at com.mindtree.newtours.email.SendGmailWithAttachment.sendGmail(SendGmailWithAttachment.java:38)
at com.mindtree.newtours.pom.BookAFlight.tearDown(BookAFlight.java:93)
... Removed 28 stack frames]]>
    </failure>
  </testcase> <!-- @AfterMethod tearDown -->
  <testcase name="@AfterMethod closeBrowser" time="0.0" classname="com.mindtree.newtours.config.TestConfig">
    <skipped/>
  </testcase> <!-- @AfterMethod closeBrowser -->
  <testcase name="registerUser" time="6.479" classname="com.mindtree.newtours.pom.RegisterUser"/>
  <testcase name="loginTest" time="3.427" classname="com.mindtree.newtours.pom.InvalidLoginForNewTours"/>
  <testcase name="loginTest" time="7.03" classname="com.mindtree.newtours.pom.ValidLoginForNewTours"/>
  <testcase name="returnTicket" time="11.336" classname="com.mindtree.newtours.pom.SearchForFlight"/>
  <testcase name="returnTicket" time="22.83" classname="com.mindtree.newtours.pom.BookAFlight"/>
</testsuite> <!-- Test -->
