<?xml version="1.0" encoding="UTF-8"?>
<testng-results skipped="0" failed="0" ignored="0" total="1" passed="1">
  <reporter-output>
  </reporter-output>
  <suite name="Default suite" duration-ms="29722" started-at="2019-12-10T10:11:43Z" finished-at="2019-12-10T10:12:13Z">
    <groups>
    </groups>
    <test name="Default test" duration-ms="29722" started-at="2019-12-10T10:11:43Z" finished-at="2019-12-10T10:12:13Z">
      <class name="com.mindtree.newtours.pom.RegisterUser">
        <test-method status="PASS" signature="setProperty()[pri:0, instance:com.mindtree.newtours.pom.RegisterUser@2f686d1f]" name="setProperty" is-config="true" duration-ms="13977" started-at="2019-12-10T10:11:43Z" finished-at="2019-12-10T10:11:57Z">
          <reporter-output>
          </reporter-output>
        </test-method> <!-- setProperty -->
        <test-method status="PASS" signature="registerUser()[pri:0, instance:com.mindtree.newtours.pom.RegisterUser@2f686d1f]" name="registerUser" duration-ms="14511" started-at="2019-12-10T10:11:57Z" finished-at="2019-12-10T10:12:12Z">
          <reporter-output>
          </reporter-output>
        </test-method> <!-- registerUser -->
        <test-method status="PASS" signature="tearDown()[pri:0, instance:com.mindtree.newtours.pom.RegisterUser@2f686d1f]" name="tearDown" is-config="true" duration-ms="677" started-at="2019-12-10T10:12:12Z" finished-at="2019-12-10T10:12:12Z">
          <reporter-output>
          </reporter-output>
        </test-method> <!-- tearDown -->
        <test-method status="PASS" signature="closeBrowser()[pri:0, instance:com.mindtree.newtours.pom.RegisterUser@2f686d1f]" name="closeBrowser" is-config="true" duration-ms="520" started-at="2019-12-10T10:12:12Z" finished-at="2019-12-10T10:12:13Z">
          <reporter-output>
          </reporter-output>
        </test-method> <!-- closeBrowser -->
      </class> <!-- com.mindtree.newtours.pom.RegisterUser -->
    </test> <!-- Default test -->
  </suite> <!-- Default suite -->
</testng-results>
